Generated: [10.11.2020 15:54:15]
Interval:  [02.11.2020 11:50:19-26.09.2020 23:57:12]
By:        [USERPC\Alex]
Host:      [USERPC]
======================


Header:    [Bug Check 0x1A: MEMORY_MANAGEMENT]
Error:     [The computer has rebooted from a bugcheck]
DocURL:    [https://docs.microsoft.com/en-us/windows-hardware/drivers/debugger/bug-check-0x1a--memory-management]
Count:     [13]
    
    Date         : 26.09.2020 23:57:12
    EventId      : 1001
    LogName      : System
    RecordId     : 40068
    ProviderName : Microsoft-Windows-WER-SystemErrorReporting
    ErrorCode    : 0x0000001a
    Parameter1   : 0x0000000000041792
    Parameter2   : 0xfffffbbffd6f8f80
    Parameter3   : 0x0000080000000000
    Parameter4   : 0x0000000000000000
    DumpFilePath : C:\WINDOWS\MEMORY.DMP
    ReportId     : 00000000-0000-0000-0000-000000000000
    SearchURL    : https://duckduckgo.com/?q=Windows+10+Bug+Check+0x0000001a+0x0000000000041792&t=ffab&ia=web
    Param1Detail : {0x41792, A corrupted PTE has been detected. Parameter 2 contains the address of the PTE. Parameters 3/4 contain the low/high parts of the PTE.}
    
    Date         : 25.10.2020 16:44:07
    EventId      : 1001
    LogName      : System
    RecordId     : 58706
    ProviderName : Microsoft-Windows-WER-SystemErrorReporting
    ErrorCode    : 0x0000001a
    Parameter1   : 0x000000000000003f
    Parameter2   : 0x000000000003b6ac
    Parameter3   : 0x00000000b7007e98
    Parameter4   : 0x00000000b7007698
    DumpFilePath : C:\WINDOWS\MEMORY.DMP
    ReportId     : 00000000-0000-0000-0000-000000000000
    SearchURL    : https://duckduckgo.com/?q=Windows+10+Bug+Check+0x0000001a+0x000000000000003f&t=ffab&ia=web
    Param1Detail : {0x3f, An inpage operation failed with a CRC error. Parameter 2 contains the pagefile offset. Parameter 3 contains the page CRC value. Parameter 4 contains the expected CRC value.}
    
    Date         : 24.08.2020 16:13:52
    EventId      : 1001
    LogName      : System
    RecordId     : 22395
    ProviderName : Microsoft-Windows-WER-SystemErrorReporting
    ErrorCode    : 0x0000001a
    Parameter1   : 0x0000000000041792
    Parameter2   : 0xfffff880a8f38f80
    Parameter3   : 0x0000080000000000
    Parameter4   : 0x0000000000000000
    DumpFilePath : C:\WINDOWS\MEMORY.DMP
    ReportId     : 00000000-0000-0000-0000-000000000000
    SearchURL    : https://duckduckgo.com/?q=Windows+10+Bug+Check+0x0000001a+0x0000000000041792&t=ffab&ia=web
    Param1Detail : {0x41792, A corrupted PTE has been detected. Parameter 2 contains the address of the PTE. Parameters 3/4 contain the low/high parts of the PTE.}
    
    Date         : 19.09.2020 13:11:02
    EventId      : 1001
    LogName      : System
    RecordId     : 35201
    ProviderName : Microsoft-Windows-WER-SystemErrorReporting
    ErrorCode    : 0x0000001a
    Parameter1   : 0x0000000000041792
    Parameter2   : 0xffffa33ffde1ef80
    Parameter3   : 0x0000080000000000
    Parameter4   : 0x0000000000000000
    DumpFilePath : C:\WINDOWS\MEMORY.DMP
    ReportId     : 00000000-0000-0000-0000-000000000000
    SearchURL    : https://duckduckgo.com/?q=Windows+10+Bug+Check+0x0000001a+0x0000000000041792&t=ffab&ia=web
    Param1Detail : {0x41792, A corrupted PTE has been detected. Parameter 2 contains the address of the PTE. Parameters 3/4 contain the low/high parts of the PTE.}
    
    Date         : 18.09.2020 23:14:36
    EventId      : 1001
    LogName      : System
    RecordId     : 34952
    ProviderName : Microsoft-Windows-WER-SystemErrorReporting
    ErrorCode    : 0x0000001a
    Parameter1   : 0x0000000000041792
    Parameter2   : 0xffffc5812e0f6f80
    Parameter3   : 0x0000080000000000
    Parameter4   : 0x0000000000000000
    DumpFilePath : C:\WINDOWS\MEMORY.DMP
    ReportId     : f17763e4-4f2a-4c06-9247-2adaaf67cd52
    SearchURL    : https://duckduckgo.com/?q=Windows+10+Bug+Check+0x0000001a+0x0000000000041792&t=ffab&ia=web
    Param1Detail : {0x41792, A corrupted PTE has been detected. Parameter 2 contains the address of the PTE. Parameters 3/4 contain the low/high parts of the PTE.}
    
    Date         : 17.10.2020 18:42:30
    EventId      : 1001
    LogName      : System
    RecordId     : 56128
    ProviderName : Microsoft-Windows-WER-SystemErrorReporting
    ErrorCode    : 0x0000001a
    Parameter1   : 0x0000000000041792
    Parameter2   : 0xfffffa3ffd68cf80
    Parameter3   : 0x0000080000000000
    Parameter4   : 0x0000000000000000
    DumpFilePath : C:\WINDOWS\MEMORY.DMP
    ReportId     : 00000000-0000-0000-0000-000000000000
    SearchURL    : https://duckduckgo.com/?q=Windows+10+Bug+Check+0x0000001a+0x0000000000041792&t=ffab&ia=web
    Param1Detail : {0x41792, A corrupted PTE has been detected. Parameter 2 contains the address of the PTE. Parameters 3/4 contain the low/high parts of the PTE.}
    
    Date         : 17.10.2020 11:53:29
    EventId      : 1001
    LogName      : System
    RecordId     : 55721
    ProviderName : Microsoft-Windows-WER-SystemErrorReporting
    ErrorCode    : 0x0000001a
    Parameter1   : 0x0000000000041792
    Parameter2   : 0xffffa5bffc29dd80
    Parameter3   : 0x0000080000000000
    Parameter4   : 0x0000000000000000
    DumpFilePath : C:\WINDOWS\MEMORY.DMP
    ReportId     : 00000000-0000-0000-0000-000000000000
    SearchURL    : https://duckduckgo.com/?q=Windows+10+Bug+Check+0x0000001a+0x0000000000041792&t=ffab&ia=web
    Param1Detail : {0x41792, A corrupted PTE has been detected. Parameter 2 contains the address of the PTE. Parameters 3/4 contain the low/high parts of the PTE.}
    
    Date         : 09.10.2020 13:58:08
    EventId      : 1001
    LogName      : System
    RecordId     : 50151
    ProviderName : Microsoft-Windows-WER-SystemErrorReporting
    ErrorCode    : 0x0000001a
    Parameter1   : 0x0000000000041792
    Parameter2   : 0xffff813ffa20cf80
    Parameter3   : 0x0000080000000000
    Parameter4   : 0x0000000000000000
    DumpFilePath : C:\WINDOWS\MEMORY.DMP
    ReportId     : 00000000-0000-0000-0000-000000000000
    SearchURL    : https://duckduckgo.com/?q=Windows+10+Bug+Check+0x0000001a+0x0000000000041792&t=ffab&ia=web
    Param1Detail : {0x41792, A corrupted PTE has been detected. Parameter 2 contains the address of the PTE. Parameters 3/4 contain the low/high parts of the PTE.}
    
    Date         : 08.11.2020 16:47:04
    EventId      : 1001
    LogName      : System
    RecordId     : 62287
    ProviderName : Microsoft-Windows-WER-SystemErrorReporting
    ErrorCode    : 0x0000001a
    Parameter1   : 0x0000000000041792
    Parameter2   : 0xffff83bfffdfdf80
    Parameter3   : 0x0000080000000000
    Parameter4   : 0x0000000000000000
    DumpFilePath : C:\WINDOWS\MEMORY.DMP
    ReportId     : 766f2ac3-a5e6-41d3-b567-5b453872f797
    SearchURL    : https://duckduckgo.com/?q=Windows+10+Bug+Check+0x0000001a+0x0000000000041792&t=ffab&ia=web
    Param1Detail : {0x41792, A corrupted PTE has been detected. Parameter 2 contains the address of the PTE. Parameters 3/4 contain the low/high parts of the PTE.}
    
    Date         : 08.10.2020 18:24:00
    EventId      : 1001
    LogName      : System
    RecordId     : 49266
    ProviderName : Microsoft-Windows-WER-SystemErrorReporting
    ErrorCode    : 0x0000001a
    Parameter1   : 0x0000000000041792
    Parameter2   : 0xfffffb7b59680f80
    Parameter3   : 0x0000080000000000
    Parameter4   : 0x0000000000000000
    DumpFilePath : C:\WINDOWS\MEMORY.DMP
    ReportId     : 00000000-0000-0000-0000-000000000000
    SearchURL    : https://duckduckgo.com/?q=Windows+10+Bug+Check+0x0000001a+0x0000000000041792&t=ffab&ia=web
    Param1Detail : {0x41792, A corrupted PTE has been detected. Parameter 2 contains the address of the PTE. Parameters 3/4 contain the low/high parts of the PTE.}
    
    Date         : 07.11.2020 12:23:03
    EventId      : 1001
    LogName      : System
    RecordId     : 61961
    ProviderName : Microsoft-Windows-WER-SystemErrorReporting
    ErrorCode    : 0x0000001a
    Parameter1   : 0x0000000000041792
    Parameter2   : 0xffffd00144b40d80
    Parameter3   : 0x0000080000000000
    Parameter4   : 0x0000000000000000
    DumpFilePath : C:\WINDOWS\MEMORY.DMP
    ReportId     : 00000000-0000-0000-0000-000000000000
    SearchURL    : https://duckduckgo.com/?q=Windows+10+Bug+Check+0x0000001a+0x0000000000041792&t=ffab&ia=web
    Param1Detail : {0x41792, A corrupted PTE has been detected. Parameter 2 contains the address of the PTE. Parameters 3/4 contain the low/high parts of the PTE.}
    
    Date         : 06.11.2020 14:54:04
    EventId      : 1001
    LogName      : System
    RecordId     : 61447
    ProviderName : Microsoft-Windows-WER-SystemErrorReporting
    ErrorCode    : 0x0000001a
    Parameter1   : 0x0000000000041792
    Parameter2   : 0xfffff00118407d80
    Parameter3   : 0x0000080000000000
    Parameter4   : 0x0000000000000000
    DumpFilePath : C:\WINDOWS\MEMORY.DMP
    ReportId     : 00000000-0000-0000-0000-000000000000
    SearchURL    : https://duckduckgo.com/?q=Windows+10+Bug+Check+0x0000001a+0x0000000000041792&t=ffab&ia=web
    Param1Detail : {0x41792, A corrupted PTE has been detected. Parameter 2 contains the address of the PTE. Parameters 3/4 contain the low/high parts of the PTE.}
    
    Date         : 02.11.2020 11:50:19
    EventId      : 1001
    LogName      : System
    RecordId     : 60450
    ProviderName : Microsoft-Windows-WER-SystemErrorReporting
    ErrorCode    : 0x0000001a
    Parameter1   : 0x0000000000041792
    Parameter2   : 0xffff8800e0ae5d80
    Parameter3   : 0x0000080000000000
    Parameter4   : 0x0000000000000000
    DumpFilePath : C:\WINDOWS\MEMORY.DMP
    ReportId     : e8c108ef-9ba0-4337-ba7e-0e0486daff9f
    SearchURL    : https://duckduckgo.com/?q=Windows+10+Bug+Check+0x0000001a+0x0000000000041792&t=ffab&ia=web
    Param1Detail : {0x41792, A corrupted PTE has been detected. Parameter 2 contains the address of the PTE. Parameters 3/4 contain the low/high parts of the PTE.}
    
    
    

Header:    [Bug Check 0x50: PAGE_FAULT_IN_NONPAGED_AREA]
Error:     [The computer has rebooted from a bugcheck]
DocURL:    [https://docs.microsoft.com/en-us/windows-hardware/drivers/debugger/bug-check-0x50--page-fault-in-nonpaged-area]
Count:     [4]
    
    Date         : 24.10.2020 11:41:00
    EventId      : 1001
    LogName      : System
    RecordId     : 58317
    ProviderName : Microsoft-Windows-WER-SystemErrorReporting
    ErrorCode    : 0x00000050
    Parameter1   : 0xffffb98417536a98
    Parameter2   : 0x0000000000000002
    Parameter3   : 0xfffff806800db338
    Parameter4   : 0x0000000000000002
    DumpFilePath : C:\WINDOWS\MEMORY.DMP
    ReportId     : f22054e9-fd97-4890-9d24-910ab673631d
    SearchURL    : https://duckduckgo.com/?q=Windows+10+Bug+Check+0x00000050+0xffffb98417536a98&t=ffab&ia=web
    Param1Detail : {1, Memory address referenced, 2, After Windows 1507 (TH1) Version - x64 
                   0: Read operation
                   2: Write operation
                   10: Execute operation
                   After Windows 1507 (TH1) Version - x86 
                   0: Read operation
                   2: Write operation
                   10: Execute operation
                   After Windows 1507 (TH1) Version - ARM 
                   0: Read operation
                   1: Write operation
                   8: Execute operation
                   Before Windows 1507 (TH1) Version x64 / x86 
                   0: Read operation
                   1: Write operation…}
    
    Date         : 20.10.2020 14:21:28
    EventId      : 1001
    LogName      : System
    RecordId     : 56809
    ProviderName : Microsoft-Windows-WER-SystemErrorReporting
    ErrorCode    : 0x00000050
    Parameter1   : 0xffffd909da3c8cc8
    Parameter2   : 0x0000000000000000
    Parameter3   : 0xfffff80635d20f04
    Parameter4   : 0x0000000000000002
    DumpFilePath : C:\WINDOWS\MEMORY.DMP
    ReportId     : 06d080ce-32e1-40a2-a123-6e4e988096fd
    SearchURL    : https://duckduckgo.com/?q=Windows+10+Bug+Check+0x00000050+0xffffd909da3c8cc8&t=ffab&ia=web
    Param1Detail : {1, Memory address referenced, 2, After Windows 1507 (TH1) Version - x64 
                   0: Read operation
                   2: Write operation
                   10: Execute operation
                   After Windows 1507 (TH1) Version - x86 
                   0: Read operation
                   2: Write operation
                   10: Execute operation
                   After Windows 1507 (TH1) Version - ARM 
                   0: Read operation
                   1: Write operation
                   8: Execute operation
                   Before Windows 1507 (TH1) Version x64 / x86 
                   0: Read operation
                   1: Write operation…}
    
    Date         : 20.09.2020 13:26:16
    EventId      : 1001
    LogName      : System
    RecordId     : 36103
    ProviderName : Microsoft-Windows-WER-SystemErrorReporting
    ErrorCode    : 0x00000050
    Parameter1   : 0xffff9207bd665d40
    Parameter2   : 0x0000000000000000
    Parameter3   : 0xfffff8076aacb679
    Parameter4   : 0x0000000000000002
    DumpFilePath : C:\WINDOWS\MEMORY.DMP
    ReportId     : 7ed4ade4-7182-455a-9fe5-faa4cd3fac42
    SearchURL    : https://duckduckgo.com/?q=Windows+10+Bug+Check+0x00000050+0xffff9207bd665d40&t=ffab&ia=web
    Param1Detail : {1, Memory address referenced, 2, After Windows 1507 (TH1) Version - x64 
                   0: Read operation
                   2: Write operation
                   10: Execute operation
                   After Windows 1507 (TH1) Version - x86 
                   0: Read operation
                   2: Write operation
                   10: Execute operation
                   After Windows 1507 (TH1) Version - ARM 
                   0: Read operation
                   1: Write operation
                   8: Execute operation
                   Before Windows 1507 (TH1) Version x64 / x86 
                   0: Read operation
                   1: Write operation…}
    
    Date         : 10.09.2020 11:01:55
    EventId      : 1001
    LogName      : System
    RecordId     : 29255
    ProviderName : Microsoft-Windows-WER-SystemErrorReporting
    ErrorCode    : 0x00000050
    Parameter1   : 0xfffffb1e806211f0
    Parameter2   : 0x0000000000000000
    Parameter3   : 0xfffff3510a65e1d4
    Parameter4   : 0x0000000000000002
    DumpFilePath : C:\WINDOWS\MEMORY.DMP
    ReportId     : 00000000-0000-0000-0000-000000000000
    SearchURL    : https://duckduckgo.com/?q=Windows+10+Bug+Check+0x00000050+0xfffffb1e806211f0&t=ffab&ia=web
    Param1Detail : {1, Memory address referenced, 2, After Windows 1507 (TH1) Version - x64 
                   0: Read operation
                   2: Write operation
                   10: Execute operation
                   After Windows 1507 (TH1) Version - x86 
                   0: Read operation
                   2: Write operation
                   10: Execute operation
                   After Windows 1507 (TH1) Version - ARM 
                   0: Read operation
                   1: Write operation
                   8: Execute operation
                   Before Windows 1507 (TH1) Version x64 / x86 
                   0: Read operation
                   1: Write operation…}
    
    
    

Header:    [Bug Check 0xEF: CRITICAL_PROCESS_DIED]
Error:     [The computer has rebooted from a bugcheck]
DocURL:    [https://docs.microsoft.com/en-us/windows-hardware/drivers/debugger/bug-check-0xef--critical-process-died]
Count:     [3]
    
    Date         : 23.09.2020 12:07:38
    EventId      : 1001
    LogName      : System
    RecordId     : 37582
    ProviderName : Microsoft-Windows-WER-SystemErrorReporting
    ErrorCode    : 0x000000ef
    Parameter1   : 0xffffe08f76742080
    Parameter2   : 0x0000000000000000
    Parameter3   : 0x0000000000000000
    Parameter4   : 0x0000000000000000
    DumpFilePath : C:\WINDOWS\MEMORY.DMP
    ReportId     : 00000000-0000-0000-0000-000000000000
    SearchURL    : https://duckduckgo.com/?q=Windows+10+Bug+Check+0x000000ef+0xffffe08f76742080&t=ffab&ia=web
    Param1Detail : {1, The process object, 2, If this is 0, a process died. If this is 1, a thread died.…}
    
    Date         : 18.09.2020 21:04:56
    EventId      : 1001
    LogName      : System
    RecordId     : 34682
    ProviderName : Microsoft-Windows-WER-SystemErrorReporting
    ErrorCode    : 0x000000ef
    Parameter1   : 0xffffe003c2fa7080
    Parameter2   : 0x0000000000000000
    Parameter3   : 0x0000000000000000
    Parameter4   : 0x0000000000000000
    DumpFilePath : C:\WINDOWS\MEMORY.DMP
    ReportId     : 59169abc-8007-4929-ba1e-b6428e04544c
    SearchURL    : https://duckduckgo.com/?q=Windows+10+Bug+Check+0x000000ef+0xffffe003c2fa7080&t=ffab&ia=web
    Param1Detail : {1, The process object, 2, If this is 0, a process died. If this is 1, a thread died.…}
    
    Date         : 06.11.2020 23:21:01
    EventId      : 1001
    LogName      : System
    RecordId     : 61703
    ProviderName : Microsoft-Windows-WER-SystemErrorReporting
    ErrorCode    : 0x000000ef
    Parameter1   : 0xffffad85f7ae5080
    Parameter2   : 0x0000000000000000
    Parameter3   : 0x0000000000000000
    Parameter4   : 0x0000000000000000
    DumpFilePath : C:\WINDOWS\MEMORY.DMP
    ReportId     : 00000000-0000-0000-0000-000000000000
    SearchURL    : https://duckduckgo.com/?q=Windows+10+Bug+Check+0x000000ef+0xffffad85f7ae5080&t=ffab&ia=web
    Param1Detail : {1, The process object, 2, If this is 0, a process died. If this is 1, a thread died.…}
    
    
    

Header:    [Bug Check 0x3B: SYSTEM_SERVICE_EXCEPTION]
Error:     [The computer has rebooted from a bugcheck]
DocURL:    [https://docs.microsoft.com/en-us/windows-hardware/drivers/debugger/bug-check-0x3b--system-service-exception]
Count:     [2]
    
    Date         : 04.10.2020 11:15:08
    EventId      : 1001
    LogName      : System
    RecordId     : 44820
    ProviderName : Microsoft-Windows-WER-SystemErrorReporting
    ErrorCode    : 0x0000003b
    Parameter1   : 0x00000000c0000005
    Parameter2   : 0xfffff8040bb0b04c
    Parameter3   : 0xffffdf062c1f69b0
    Parameter4   : 0x0000000000000000
    DumpFilePath : C:\WINDOWS\MEMORY.DMP
    ReportId     : f5b81a6f-8933-4039-9c54-b4838db17d44
    SearchURL    : https://duckduckgo.com/?q=Windows+10+Bug+Check+0x0000003b+0x00000000c0000005&t=ffab&ia=web
    Param1Detail : {1, The exception that caused the bug check. , 2, The address of the instruction that caused the bug check…}
    
    Date         : 03.10.2020 00:22:48
    EventId      : 1001
    LogName      : System
    RecordId     : 44053
    ProviderName : Microsoft-Windows-WER-SystemErrorReporting
    ErrorCode    : 0x0000003b
    Parameter1   : 0x00000000c0000420
    Parameter2   : 0xfffff8060959d8cc
    Parameter3   : 0xffffc680fa3a0920
    Parameter4   : 0x0000000000000000
    DumpFilePath : C:\WINDOWS\MEMORY.DMP
    ReportId     : 00000000-0000-0000-0000-000000000000
    SearchURL    : https://duckduckgo.com/?q=Windows+10+Bug+Check+0x0000003b+0x00000000c0000420&t=ffab&ia=web
    Param1Detail : {1, The exception that caused the bug check. , 2, The address of the instruction that caused the bug check…}
    
    
    

Header:    [Bug Check 0x7E: SYSTEM_THREAD_EXCEPTION_NOT_HANDLED]
Error:     [The computer has rebooted from a bugcheck]
DocURL:    [https://docs.microsoft.com/en-us/windows-hardware/drivers/debugger/bug-check-0x7e--system-thread-exception-not-handled]
Count:     [1]
    
    Date         : 09.09.2020 11:54:33
    EventId      : 1001
    LogName      : System
    RecordId     : 28602
    ProviderName : Microsoft-Windows-WER-SystemErrorReporting
    ErrorCode    : 0x0000007e
    Parameter1   : 0xffffffffc0000005
    Parameter2   : 0xfffff8056a2cde0a
    Parameter3   : 0xffffae063314d838
    Parameter4   : 0xffffae063314d070
    DumpFilePath : C:\WINDOWS\MEMORY.DMP
    ReportId     : 00000000-0000-0000-0000-000000000000
    SearchURL    : https://duckduckgo.com/?q=Windows+10+Bug+Check+0x0000007e+0xffffffffc0000005&t=ffab&ia=web
    Param1Detail : {1, The exception code that was not handled., 2, The address where the exception occurred.…}
    
    
    

Header:    [Bug Check 0xC2: BAD_POOL_CALLER]
Error:     [The computer has rebooted from a bugcheck]
DocURL:    [https://docs.microsoft.com/en-us/windows-hardware/drivers/debugger/bug-check-0xc2--bad-pool-caller]
Count:     [1]
    
    Date         : 23.10.2020 10:29:13
    EventId      : 1001
    LogName      : System
    RecordId     : 58113
    ProviderName : Microsoft-Windows-WER-SystemErrorReporting
    ErrorCode    : 0x000000c2
    Parameter1   : 0x0000000000000046
    Parameter2   : 0x0000080000000000
    Parameter3   : 0x0000000000000000
    Parameter4   : 0x0000000000000000
    DumpFilePath : C:\WINDOWS\MEMORY.DMP
    ReportId     : 00000000-0000-0000-0000-000000000000
    SearchURL    : https://duckduckgo.com/?q=Windows+10+Bug+Check+0x000000c2+0x0000000000000046&t=ffab&ia=web
    Param1Detail : {0x46, Starting address}
    
    
    

Header:    [Bug Check 0x12B: FAULTY_HARDWARE_CORRUPTED_PAGE]
Error:     [The computer has rebooted from a bugcheck]
DocURL:    [https://docs.microsoft.com/en-us/windows-hardware/drivers/debugger/bug-check-0x12b---faulty-hardware-corrupted-page]
Count:     [1]
    
    Date         : 09.09.2020 22:42:23
    EventId      : 1001
    LogName      : System
    RecordId     : 28952
    ProviderName : Microsoft-Windows-WER-SystemErrorReporting
    ErrorCode    : 0x0000012b
    Parameter1   : 0xffffffffc00002c4
    Parameter2   : 0x0000000000000c4b
    Parameter3   : 0x0000028b67fca450
    Parameter4   : 0xffffe1803a8be000
    DumpFilePath : C:\WINDOWS\MEMORY.DMP
    ReportId     : 00000000-0000-0000-0000-000000000000
    SearchURL    : https://duckduckgo.com/?q=Windows+10+Bug+Check+0x0000012b+0xffffffffc00002c4&t=ffab&ia=web
    Param1Detail : {Target Buffer, 1}
    
    
    

Header:    [Bug Check 0x13A: KERNEL_MODE_HEAP_CORRUPTION]
Error:     [The computer has rebooted from a bugcheck]
DocURL:    [https://docs.microsoft.com/en-us/windows-hardware/drivers/debugger/bug-check-0x13a--kernel-mode-heap-corruption]
Count:     [1]
    
    Date         : 20.09.2020 15:01:14
    EventId      : 1001
    LogName      : System
    RecordId     : 36202
    ProviderName : Microsoft-Windows-WER-SystemErrorReporting
    ErrorCode    : 0x0000013a
    Parameter1   : 0x0000000000000012
    Parameter2   : 0xffffc0874a000100
    Parameter3   : 0xffffc08750cdc000
    Parameter4   : 0x0000000000000000
    DumpFilePath : C:\WINDOWS\MEMORY.DMP
    ReportId     : 00000000-0000-0000-0000-000000000000
    SearchURL    : https://duckduckgo.com/?q=Windows+10+Bug+Check+0x0000013a+0x0000000000000012&t=ffab&ia=web
    Param1Detail : {1, Type of corruption detected- see list below, 2, Address of the heap that reported the corruption…}
    
    
    

Header:    [Bug Check 0x154: UNEXPECTED_STORE_EXCEPTION]
Error:     [The computer has rebooted from a bugcheck]
DocURL:    [https://docs.microsoft.com/en-us/windows-hardware/drivers/debugger/bug-check-0x154--unexpected-store-exception]
Count:     [1]
    
    Date         : 10.09.2020 17:37:24
    EventId      : 1001
    LogName      : System
    RecordId     : 29844
    ProviderName : Microsoft-Windows-WER-SystemErrorReporting
    ErrorCode    : 0x00000154
    Parameter1   : 0xffffa886d8f50000
    Parameter2   : 0xffff860bfd22f980
    Parameter3   : 0x0000000000000001
    Parameter4   : 0x0000000000000000
    DumpFilePath : C:\WINDOWS\MEMORY.DMP
    ReportId     : 00000000-0000-0000-0000-000000000000
    SearchURL    : https://duckduckgo.com/?q=Windows+10+Bug+Check+0x00000154+0xffffa886d8f50000&t=ffab&ia=web
    Param1Detail : {1, Pointer to the store context or data manager, 2, Exception information…}
    
    
    

Unique errors: [16]

ErrorCode  Param1             DocURL                                                                                                                 SearchURL
---------  ------             ------                                                                                                                 ---------                                                        
0x0000001a 0x000000000000003f https://docs.microsoft.com/en-us/windows-hardware/drivers/debugger/bug-check-0x1a--memory-management                   https://duckduckgo.com/?q=Windows+10+Bug+Check+0x0000001a+0x0000…
0x0000001a 0x0000000000041792 https://docs.microsoft.com/en-us/windows-hardware/drivers/debugger/bug-check-0x1a--memory-management                   https://duckduckgo.com/?q=Windows+10+Bug+Check+0x0000001a+0x0000…
0x0000003b 0x00000000c0000005 https://docs.microsoft.com/en-us/windows-hardware/drivers/debugger/bug-check-0x3b--system-service-exception            https://duckduckgo.com/?q=Windows+10+Bug+Check+0x0000003b+0x0000…
0x0000003b 0x00000000c0000420 https://docs.microsoft.com/en-us/windows-hardware/drivers/debugger/bug-check-0x3b--system-service-exception            https://duckduckgo.com/?q=Windows+10+Bug+Check+0x0000003b+0x0000…
0x00000050 0xffff9207bd665d40 https://docs.microsoft.com/en-us/windows-hardware/drivers/debugger/bug-check-0x50--page-fault-in-nonpaged-area         https://duckduckgo.com/?q=Windows+10+Bug+Check+0x00000050+0xffff…
0x00000050 0xffffb98417536a98 https://docs.microsoft.com/en-us/windows-hardware/drivers/debugger/bug-check-0x50--page-fault-in-nonpaged-area         https://duckduckgo.com/?q=Windows+10+Bug+Check+0x00000050+0xffff…
0x00000050 0xffffd909da3c8cc8 https://docs.microsoft.com/en-us/windows-hardware/drivers/debugger/bug-check-0x50--page-fault-in-nonpaged-area         https://duckduckgo.com/?q=Windows+10+Bug+Check+0x00000050+0xffff…
0x00000050 0xfffffb1e806211f0 https://docs.microsoft.com/en-us/windows-hardware/drivers/debugger/bug-check-0x50--page-fault-in-nonpaged-area         https://duckduckgo.com/?q=Windows+10+Bug+Check+0x00000050+0xffff…
0x0000007e 0xffffffffc0000005 https://docs.microsoft.com/en-us/windows-hardware/drivers/debugger/bug-check-0x7e--system-thread-exception-not-handled https://duckduckgo.com/?q=Windows+10+Bug+Check+0x0000007e+0xffff…
0x000000c2 0x0000000000000046 https://docs.microsoft.com/en-us/windows-hardware/drivers/debugger/bug-check-0xc2--bad-pool-caller                     https://duckduckgo.com/?q=Windows+10+Bug+Check+0x000000c2+0x0000…
0x000000ef 0xffffad85f7ae5080 https://docs.microsoft.com/en-us/windows-hardware/drivers/debugger/bug-check-0xef--critical-process-died               https://duckduckgo.com/?q=Windows+10+Bug+Check+0x000000ef+0xffff…
0x000000ef 0xffffe003c2fa7080 https://docs.microsoft.com/en-us/windows-hardware/drivers/debugger/bug-check-0xef--critical-process-died               https://duckduckgo.com/?q=Windows+10+Bug+Check+0x000000ef+0xffff…
0x000000ef 0xffffe08f76742080 https://docs.microsoft.com/en-us/windows-hardware/drivers/debugger/bug-check-0xef--critical-process-died               https://duckduckgo.com/?q=Windows+10+Bug+Check+0x000000ef+0xffff…
0x0000012b 0xffffffffc00002c4 https://docs.microsoft.com/en-us/windows-hardware/drivers/debugger/bug-check-0x12b---faulty-hardware-corrupted-page    https://duckduckgo.com/?q=Windows+10+Bug+Check+0x0000012b+0xffff…
0x0000013a 0x0000000000000012 https://docs.microsoft.com/en-us/windows-hardware/drivers/debugger/bug-check-0x13a--kernel-mode-heap-corruption        https://duckduckgo.com/?q=Windows+10+Bug+Check+0x0000013a+0x0000…
0x00000154 0xffffa886d8f50000 https://docs.microsoft.com/en-us/windows-hardware/drivers/debugger/bug-check-0x154--unexpected-store-exception         https://duckduckgo.com/?q=Windows+10+Bug+Check+0x00000154+0xffff…



Errors by date: [27]

Date                ErrorCode  Param1 Header                                              DocURL
----                ---------  ------ ------                                              ------
26.09.2020 23:57:12 0x0000001a        Bug Check 0x1A: MEMORY_MANAGEMENT                   https://docs.microsoft.com/en-us/windows-hardware/drivers/debugger/bug-check-0x1a--memory-management
25.10.2020 16:44:07 0x0000001a        Bug Check 0x1A: MEMORY_MANAGEMENT                   https://docs.microsoft.com/en-us/windows-hardware/drivers/debugger/bug-check-0x1a--memory-management
24.10.2020 11:41:00 0x00000050        Bug Check 0x50: PAGE_FAULT_IN_NONPAGED_AREA         https://docs.microsoft.com/en-us/windows-hardware/drivers/debugger/bug-check-0x50--page-fault-in-nonpaged-area
24.08.2020 16:13:52 0x0000001a        Bug Check 0x1A: MEMORY_MANAGEMENT                   https://docs.microsoft.com/en-us/windows-hardware/drivers/debugger/bug-check-0x1a--memory-management
23.10.2020 10:29:13 0x000000c2        Bug Check 0xC2: BAD_POOL_CALLER                     https://docs.microsoft.com/en-us/windows-hardware/drivers/debugger/bug-check-0xc2--bad-pool-caller
23.09.2020 12:07:38 0x000000ef        Bug Check 0xEF: CRITICAL_PROCESS_DIED               https://docs.microsoft.com/en-us/windows-hardware/drivers/debugger/bug-check-0xef--critical-process-died
20.10.2020 14:21:28 0x00000050        Bug Check 0x50: PAGE_FAULT_IN_NONPAGED_AREA         https://docs.microsoft.com/en-us/windows-hardware/drivers/debugger/bug-check-0x50--page-fault-in-nonpaged-area
20.09.2020 15:01:14 0x0000013a        Bug Check 0x13A: KERNEL_MODE_HEAP_CORRUPTION        https://docs.microsoft.com/en-us/windows-hardware/drivers/debugger/bug-check-0x13a--kernel-mode-heap-corruption
20.09.2020 13:26:16 0x00000050        Bug Check 0x50: PAGE_FAULT_IN_NONPAGED_AREA         https://docs.microsoft.com/en-us/windows-hardware/drivers/debugger/bug-check-0x50--page-fault-in-nonpaged-area
19.09.2020 13:11:02 0x0000001a        Bug Check 0x1A: MEMORY_MANAGEMENT                   https://docs.microsoft.com/en-us/windows-hardware/drivers/debugger/bug-check-0x1a--memory-management
18.09.2020 23:14:36 0x0000001a        Bug Check 0x1A: MEMORY_MANAGEMENT                   https://docs.microsoft.com/en-us/windows-hardware/drivers/debugger/bug-check-0x1a--memory-management
18.09.2020 21:04:56 0x000000ef        Bug Check 0xEF: CRITICAL_PROCESS_DIED               https://docs.microsoft.com/en-us/windows-hardware/drivers/debugger/bug-check-0xef--critical-process-died
17.10.2020 18:42:30 0x0000001a        Bug Check 0x1A: MEMORY_MANAGEMENT                   https://docs.microsoft.com/en-us/windows-hardware/drivers/debugger/bug-check-0x1a--memory-management
17.10.2020 11:53:29 0x0000001a        Bug Check 0x1A: MEMORY_MANAGEMENT                   https://docs.microsoft.com/en-us/windows-hardware/drivers/debugger/bug-check-0x1a--memory-management
10.09.2020 17:37:24 0x00000154        Bug Check 0x154: UNEXPECTED_STORE_EXCEPTION         https://docs.microsoft.com/en-us/windows-hardware/drivers/debugger/bug-check-0x154--unexpected-store-exception
10.09.2020 11:01:55 0x00000050        Bug Check 0x50: PAGE_FAULT_IN_NONPAGED_AREA         https://docs.microsoft.com/en-us/windows-hardware/drivers/debugger/bug-check-0x50--page-fault-in-nonpaged-area
09.10.2020 13:58:08 0x0000001a        Bug Check 0x1A: MEMORY_MANAGEMENT                   https://docs.microsoft.com/en-us/windows-hardware/drivers/debugger/bug-check-0x1a--memory-management
09.09.2020 22:42:23 0x0000012b        Bug Check 0x12B: FAULTY_HARDWARE_CORRUPTED_PAGE     https://docs.microsoft.com/en-us/windows-hardware/drivers/debugger/bug-check-0x12b---faulty-hardware-corrupted-page
09.09.2020 11:54:33 0x0000007e        Bug Check 0x7E: SYSTEM_THREAD_EXCEPTION_NOT_HANDLED https://docs.microsoft.com/en-us/windows-hardware/drivers/debugger/bug-check-0x7e--system-thread-exception-not-handled
08.11.2020 16:47:04 0x0000001a        Bug Check 0x1A: MEMORY_MANAGEMENT                   https://docs.microsoft.com/en-us/windows-hardware/drivers/debugger/bug-check-0x1a--memory-management
08.10.2020 18:24:00 0x0000001a        Bug Check 0x1A: MEMORY_MANAGEMENT                   https://docs.microsoft.com/en-us/windows-hardware/drivers/debugger/bug-check-0x1a--memory-management
07.11.2020 12:23:03 0x0000001a        Bug Check 0x1A: MEMORY_MANAGEMENT                   https://docs.microsoft.com/en-us/windows-hardware/drivers/debugger/bug-check-0x1a--memory-management
06.11.2020 23:21:01 0x000000ef        Bug Check 0xEF: CRITICAL_PROCESS_DIED               https://docs.microsoft.com/en-us/windows-hardware/drivers/debugger/bug-check-0xef--critical-process-died
06.11.2020 14:54:04 0x0000001a        Bug Check 0x1A: MEMORY_MANAGEMENT                   https://docs.microsoft.com/en-us/windows-hardware/drivers/debugger/bug-check-0x1a--memory-management
04.10.2020 11:15:08 0x0000003b        Bug Check 0x3B: SYSTEM_SERVICE_EXCEPTION            https://docs.microsoft.com/en-us/windows-hardware/drivers/debugger/bug-check-0x3b--system-service-exception
03.10.2020 00:22:48 0x0000003b        Bug Check 0x3B: SYSTEM_SERVICE_EXCEPTION            https://docs.microsoft.com/en-us/windows-hardware/drivers/debugger/bug-check-0x3b--system-service-exception
02.11.2020 11:50:19 0x0000001a        Bug Check 0x1A: MEMORY_MANAGEMENT                   https://docs.microsoft.com/en-us/windows-hardware/drivers/debugger/bug-check-0x1a--memory-management


