Generated: [10.11.2020 15:51:27]
Interval:  [13.08.2020 17:33:38-22.10.2020 18:39:51]
By:        [USERPC\Alex]
Host:      [srv1]
======================


Header:    [Bug Check 0xC0000218: STATUS_CANNOT_LOAD_REGISTRY_FILE]
Error:     [The computer has rebooted from a bugcheck]
DocURL:    [https://docs.microsoft.com/en-us/windows-hardware/drivers/debugger/bug-check-0xc0000218--status-cannot-load-registry-file]
Count:     [2]
    
    Date         : 22.10.2020 18:39:51
    EventId      : 1001
    LogName      : System
    RecordId     : 83751
    ProviderName : Microsoft-Windows-WER-SystemErrorReporting
    ErrorCode    : 0xc0000218
    Parameter1   : 0xffffe2899f47a590
    Parameter2   : 0x0000000000000000
    Parameter3   : 0x0000000000000000
    Parameter4   : 0x0000000000000000
    DumpFilePath : C:\Windows\MEMORY.DMP
    ReportId     : 00000000-0000-0000-0000-000000000000
    SearchURL    : https://duckduckgo.com/?q=Hyper-V+Server+Bug+Check+0xc0000218+0xffffe2899f47a590&t=ffab&ia=web
    Param1Detail : {1, Address of the name of the registry hive that could not be loaded., 2, Zero (Reserved)…}
    
    Date         : 20.09.2020 17:49:07
    EventId      : 1001
    LogName      : System
    RecordId     : 70242
    ProviderName : Microsoft-Windows-WER-SystemErrorReporting
    ErrorCode    : 0xc0000218
    Parameter1   : 0xffffd9028704b250
    Parameter2   : 0x0000000000000000
    Parameter3   : 0x0000000000000000
    Parameter4   : 0x0000000000000000
    DumpFilePath : C:\Windows\MEMORY.DMP
    ReportId     : ed5a34b7-192c-4d34-8410-6e944c70d2f0
    SearchURL    : https://duckduckgo.com/?q=Hyper-V+Server+Bug+Check+0xc0000218+0xffffd9028704b250&t=ffab&ia=web
    Param1Detail : {1, Address of the name of the registry hive that could not be loaded., 2, Zero (Reserved)…}
    
    
    

Header:    [Bug Check 0x1E: KMODE_EXCEPTION_NOT_HANDLED]
Error:     [The computer has rebooted from a bugcheck]
DocURL:    [https://docs.microsoft.com/en-us/windows-hardware/drivers/debugger/bug-check-0x1e--kmode-exception-not-handled]
Count:     [1]
    
    Date         : 13.08.2020 17:33:38
    EventId      : 1001
    LogName      : System
    RecordId     : 62757
    ProviderName : Microsoft-Windows-WER-SystemErrorReporting
    ErrorCode    : 0x0000001e
    Parameter1   : 0xffffffffc0000005
    Parameter2   : 0xfffff805512c5643
    Parameter3   : 0x0000000000000000
    Parameter4   : 0xfffff0783c0ffea0
    DumpFilePath : C:\Windows\MEMORY.DMP
    ReportId     : fc2d5169-36d4-4be9-8249-64d201f33f33
    SearchURL    : https://duckduckgo.com/?q=Hyper-V+Server+Bug+Check+0x0000001e+0xffffffffc0000005&t=ffab&ia=web
    Param1Detail : {1, The exception code that was not handled., 2, The address at which the exception occurred.…}
    
    
    

Unique errors: [3]

ErrorCode  Param1             DocURL                                                                                                                    SearchURL
---------  ------             ------                                                                                                                    ---------                                                     
0x0000001e 0xffffffffc0000005 https://docs.microsoft.com/en-us/windows-hardware/drivers/debugger/bug-check-0x1e--kmode-exception-not-handled            https://duckduckgo.com/?q=Hyper-V+Server+Bug+Check+0x0000001e…
0xc0000218 0xffffd9028704b250 https://docs.microsoft.com/en-us/windows-hardware/drivers/debugger/bug-check-0xc0000218--status-cannot-load-registry-file https://duckduckgo.com/?q=Hyper-V+Server+Bug+Check+0xc0000218…
0xc0000218 0xffffe2899f47a590 https://docs.microsoft.com/en-us/windows-hardware/drivers/debugger/bug-check-0xc0000218--status-cannot-load-registry-file https://duckduckgo.com/?q=Hyper-V+Server+Bug+Check+0xc0000218…



Errors by date: [3]

Date                ErrorCode  Param1 Header                                                 DocURL
----                ---------  ------ ------                                                 ------
22.10.2020 18:39:51 0xc0000218        Bug Check 0xC0000218: STATUS_CANNOT_LOAD_REGISTRY_FILE https://docs.microsoft.com/en-us/windows-hardware/drivers/debugger/bug-check-0xc0000218--status-cannot-load-registry-file
20.09.2020 17:49:07 0xc0000218        Bug Check 0xC0000218: STATUS_CANNOT_LOAD_REGISTRY_FILE https://docs.microsoft.com/en-us/windows-hardware/drivers/debugger/bug-check-0xc0000218--status-cannot-load-registry-file
13.08.2020 17:33:38 0x0000001e        Bug Check 0x1E: KMODE_EXCEPTION_NOT_HANDLED            https://docs.microsoft.com/en-us/windows-hardware/drivers/debugger/bug-check-0x1e--kmode-exception-not-handled


